e:\things\vs\projects\mathlibrary\debug\mathlibrary.pch
e:\things\vs\projects\mathlibrary\debug\vc142.pdb
e:\things\vs\projects\mathlibrary\debug\vc142.idb
e:\things\vs\projects\mathlibrary\debug\pch.obj
e:\things\vs\projects\mathlibrary\debug\mathlibrary.obj
e:\things\vs\projects\mathlibrary\debug\dllmain.obj
e:\things\vs\projects\mathlibrary\debug\mathlibrary.dll
e:\things\vs\projects\mathlibrary\debug\mathlibrary.ilk
e:\things\vs\projects\mathlibrary\debug\mathlibrary.pdb
e:\things\vs\projects\mathlibrary\debug\source.obj
e:\things\vs\projects\mathlibrary\debug\mathlibrary.lib
e:\things\vs\projects\mathlibrary\debug\mathlibrary.exp
e:\things\vs\projects\mathlibrary\debug\mathlibrary.tlog\cl.command.1.tlog
e:\things\vs\projects\mathlibrary\debug\mathlibrary.tlog\cl.read.1.tlog
e:\things\vs\projects\mathlibrary\debug\mathlibrary.tlog\cl.write.1.tlog
e:\things\vs\projects\mathlibrary\debug\mathlibrary.tlog\link.command.1.tlog
e:\things\vs\projects\mathlibrary\debug\mathlibrary.tlog\link.read.1.tlog
e:\things\vs\projects\mathlibrary\debug\mathlibrary.tlog\link.write.1.tlog
e:\things\vs\projects\mathlibrary\debug\mathlibrary.tlog\masm.read.1u.tlog
e:\things\vs\projects\mathlibrary\debug\mathlibrary.tlog\masm.write.1u.tlog
e:\things\vs\projects\mathlibrary\debug\mathlibrary.tlog\mathlibrary.write.1u.tlog
