e:\things\vs\projects\tp laba 4.5\debug\vc142.pdb
e:\things\vs\projects\tp laba 4.5\debug\vc142.idb
e:\things\vs\projects\tp laba 4.5\debug\tp laba 3.obj
e:\things\vs\projects\tp laba 5.1\debug\vc142.pdb
e:\things\vs\projects\tp laba 5.1\debug\vc142.idb
e:\things\vs\projects\tp laba 5.1\debug\tp laba 3.obj
e:\things\vs\projects\tp laba 4.5\debug\tp laba 3.exe
e:\things\vs\projects\tp laba 4.5\debug\tp laba 3.ilk
e:\things\vs\projects\tp laba 4.5\debug\tp laba 3.pdb
e:\things\vs\projects\tp laba 5.1\debug\source.obj
e:\things\vs\projects\tp laba 4.5\debug\tp laba 3.res
e:\things\vs\projects\tp laba 5.1\debug\tp laba 3.res
e:\things\vs\projects\tp laba 5.1\debug\tp laba 3.pdb
e:\things\vs\projects\tp laba 5.1\debug\tp laba 3.tlog\cl.command.1.tlog
e:\things\vs\projects\tp laba 5.1\debug\tp laba 3.tlog\cl.read.1.tlog
e:\things\vs\projects\tp laba 5.1\debug\tp laba 3.tlog\cl.write.1.tlog
e:\things\vs\projects\tp laba 5.1\debug\tp laba 3.tlog\link-cvtres.read.1.tlog
e:\things\vs\projects\tp laba 5.1\debug\tp laba 3.tlog\link-cvtres.write.1.tlog
e:\things\vs\projects\tp laba 5.1\debug\tp laba 3.tlog\link-rc.read.1.tlog
e:\things\vs\projects\tp laba 5.1\debug\tp laba 3.tlog\link-rc.write.1.tlog
e:\things\vs\projects\tp laba 5.1\debug\tp laba 3.tlog\link.7440-cvtres.read.1.tlog
e:\things\vs\projects\tp laba 5.1\debug\tp laba 3.tlog\link.7440-cvtres.write.1.tlog
e:\things\vs\projects\tp laba 5.1\debug\tp laba 3.tlog\link.7440-rc.read.1.tlog
e:\things\vs\projects\tp laba 5.1\debug\tp laba 3.tlog\link.7440-rc.write.1.tlog
e:\things\vs\projects\tp laba 5.1\debug\tp laba 3.tlog\link.7440.read.1.tlog
e:\things\vs\projects\tp laba 5.1\debug\tp laba 3.tlog\link.7440.write.1.tlog
e:\things\vs\projects\tp laba 5.1\debug\tp laba 3.tlog\link.command.1.tlog
e:\things\vs\projects\tp laba 5.1\debug\tp laba 3.tlog\link.read.1.tlog
e:\things\vs\projects\tp laba 5.1\debug\tp laba 3.tlog\link.write.1.tlog
e:\things\vs\projects\tp laba 5.1\debug\tp laba 3.tlog\masm.read.1u.tlog
e:\things\vs\projects\tp laba 5.1\debug\tp laba 3.tlog\masm.write.1u.tlog
e:\things\vs\projects\tp laba 5.1\debug\tp laba 3.tlog\rc.command.1.tlog
e:\things\vs\projects\tp laba 5.1\debug\tp laba 3.tlog\rc.read.1.tlog
e:\things\vs\projects\tp laba 5.1\debug\tp laba 3.tlog\rc.write.1.tlog
