e:\things\vs\projects\tp laba 5.2\graphiclibrary\debug\graphiclibrary.pch
e:\things\vs\projects\tp laba 5.2\graphiclibrary\debug\vc142.pdb
e:\things\vs\projects\tp laba 5.2\graphiclibrary\debug\vc142.idb
e:\things\vs\projects\tp laba 5.2\graphiclibrary\debug\pch.obj
e:\things\vs\projects\tp laba 5.2\graphiclibrary\debug\graphiclibrary.obj
e:\things\vs\projects\tp laba 5.2\graphiclibrary\debug\dllmain.obj
e:\things\vs\projects\tp laba 5.2\graphiclibrary\debug\graphiclibrary.lib
e:\things\vs\projects\tp laba 5.2\graphiclibrary\debug\graphiclibrary.exp
e:\things\vs\projects\tp laba 5.2\graphiclibrary\debug\graphiclibrary.ilk
e:\things\vs\projects\tp laba 5.2\graphiclibrary\debug\graphiclibrary.dll
e:\things\vs\projects\tp laba 5.2\graphiclibrary\debug\graphiclibrary.pdb
c:\things\vs\projects\tp laba 5.2\graphiclibrary\debug\dllmain.obj
c:\things\vs\projects\tp laba 5.2\graphiclibrary\debug\graphiclibrary.obj
c:\things\vs\projects\tp laba 5.2\graphiclibrary\debug\pch.obj
c:\things\vs\projects\tp laba 5.2\graphiclibrary\debug\graphiclibrary.ilk
c:\things\vs\projects\tp laba 5.2\graphiclibrary\debug\graphiclibrary.pch
c:\things\vs\projects\tp laba 5.2\graphiclibrary\debug\graphiclibrary.exp
c:\things\vs\projects\tp laba 5.2\graphiclibrary\debug\vc142.idb
c:\things\vs\projects\tp laba 5.2\graphiclibrary\debug\graphiclibrary.pdb
c:\things\vs\projects\tp laba 5.2\graphiclibrary\debug\vc142.pdb
c:\things\vs\projects\tp laba 5.2\graphiclibrary\debug\graphiclibrary.dll
c:\things\vs\projects\tp laba 5.2\graphiclibrary\debug\graphiclibrary.tlog\cl.command.1.tlog
c:\things\vs\projects\tp laba 5.2\graphiclibrary\debug\graphiclibrary.tlog\cl.read.1.tlog
c:\things\vs\projects\tp laba 5.2\graphiclibrary\debug\graphiclibrary.tlog\cl.write.1.tlog
c:\things\vs\projects\tp laba 5.2\graphiclibrary\debug\graphiclibrary.tlog\graphiclibrary.write.1u.tlog
c:\things\vs\projects\tp laba 5.2\graphiclibrary\debug\graphiclibrary.tlog\link.command.1.tlog
c:\things\vs\projects\tp laba 5.2\graphiclibrary\debug\graphiclibrary.tlog\link.read.1.tlog
c:\things\vs\projects\tp laba 5.2\graphiclibrary\debug\graphiclibrary.tlog\link.write.1.tlog
